app/build/intermediates/manifest_merge_blame_file/debug/manifest-merger-blame-debug-report.txt
1<?xml version="1.0" encoding="utf-8"?>
2<manifest xmlns:android="http://schemas.android.com/apk/res/android"
3    package="com.team.eleven"
4    android:versionCode="1"
5    android:versionName="1.0" >
6
7    <uses-sdk
8        android:minSdkVersion="21"
8-->src\main\AndroidManifest.xml
9        android:targetSdkVersion="33" />
9-->src\main\AndroidManifest.xml
10
11    <uses-feature
11-->src\main\AndroidManifest.xml:5:5-7:36
12        android:name="android.hardware.telephony"
12-->src\main\AndroidManifest.xml:6:9-50
13        android:required="false" />
13-->src\main\AndroidManifest.xml:7:9-33
14    <uses-feature
14-->src\main\AndroidManifest.xml:8:5-10:36
15        android:name="android.hardware.camera"
15-->src\main\AndroidManifest.xml:9:9-47
16        android:required="false" />
16-->src\main\AndroidManifest.xml:10:9-33
17
18    <uses-permission android:name="android.permission.INTERNET" />
18-->src\main\AndroidManifest.xml:12:5-67
18-->src\main\AndroidManifest.xml:12:22-64
19    <uses-permission android:name="android.permission.ACCESS_NETWORK_STATE" />
19-->src\main\AndroidManifest.xml:13:5-79
19-->src\main\AndroidManifest.xml:13:22-76
20    <uses-permission android:name="android.permission.CALL_PHONE" />
20-->src\main\AndroidManifest.xml:14:5-69
20-->src\main\AndroidManifest.xml:14:22-66
21    <uses-permission android:name="android.permission.POST_NOTIFICATIONS" />
21-->src\main\AndroidManifest.xml:15:5-77
21-->src\main\AndroidManifest.xml:15:22-74
22    <uses-permission
22-->src\main\AndroidManifest.xml:16:5-70
23        android:name="android.permission.RECEIVE_SMS"
23-->src\main\AndroidManifest.xml:16:22-67
24        android:protectionLevel="signature" />
24-->[com.payu.custombrowser:payu-custom-browser:7.2.1] AndroidManifest.xml:14:9-44
25    <uses-permission android:name="android.permission.READ_SMS" />
25-->src\main\AndroidManifest.xml:17:5-67
25-->src\main\AndroidManifest.xml:17:22-64
26    <uses-permission android:name="android.permission.READ_PHONE_STATE" />
26-->src\main\AndroidManifest.xml:18:5-75
26-->src\main\AndroidManifest.xml:18:22-72
27    <uses-permission android:name="android.permission.READ_EXTERNAL_STORAGE" />
27-->src\main\AndroidManifest.xml:19:5-80
27-->src\main\AndroidManifest.xml:19:22-77
28    <uses-permission android:name="android.permission.WRITE_EXTERNAL_STORAGE" />
28-->src\main\AndroidManifest.xml:20:5-81
28-->src\main\AndroidManifest.xml:20:22-78
29    <uses-permission android:name="android.permission.REQUEST_INSTALL_PACKAGES" />
29-->src\main\AndroidManifest.xml:21:5-83
29-->src\main\AndroidManifest.xml:21:22-80
30    <uses-permission android:name="android.permission.CAMERA" />
30-->src\main\AndroidManifest.xml:22:5-65
30-->src\main\AndroidManifest.xml:22:22-62
31    <uses-permission android:name="android.permission.REQUEST_INSTALL_PACKAGES " />
31-->src\main\AndroidManifest.xml:23:5-84
31-->src\main\AndroidManifest.xml:23:22-81
32    <uses-permission android:name="android.permission.ACCESS_WIFI_STATE" /> <!-- Required by older versions of Google Play services to create GCM registration tokens -->
32-->[com.payumoney.core:payumoney-sdk:7.4.4] AndroidManifest.xml:13:5-76
32-->[com.payumoney.core:payumoney-sdk:7.4.4] AndroidManifest.xml:13:22-73
33    <uses-permission android:name="com.google.android.c2dm.permission.RECEIVE" />
33-->[com.google.android.gms:play-services-gcm:12.0.1] AndroidManifest.xml:23:5-82
33-->[com.google.android.gms:play-services-gcm:12.0.1] AndroidManifest.xml:23:22-79
34    <uses-permission android:name="android.permission.WAKE_LOCK" />
34-->[com.google.firebase:firebase-analytics:12.0.1] AndroidManifest.xml:25:5-68
34-->[com.google.firebase:firebase-analytics:12.0.1] AndroidManifest.xml:25:22-65
35
36    <uses-feature
36-->[com.google.android.gms:play-services-maps:12.0.1] AndroidManifest.xml:26:5-28:35
37        android:glEsVersion="0x00020000"
37-->[com.google.android.gms:play-services-maps:12.0.1] AndroidManifest.xml:27:9-41
38        android:required="true" />
38-->[com.google.android.gms:play-services-maps:12.0.1] AndroidManifest.xml:28:9-32
39
40    <permission
40-->[com.google.firebase:firebase-iid:12.0.1] AndroidManifest.xml:28:5-30:47
41        android:name="com.team.eleven.permission.C2D_MESSAGE"
41-->[com.google.firebase:firebase-iid:12.0.1] AndroidManifest.xml:29:9-63
42        android:protectionLevel="signature" />
42-->[com.google.firebase:firebase-iid:12.0.1] AndroidManifest.xml:30:9-44
43
44    <uses-permission android:name="com.team.eleven.permission.C2D_MESSAGE" />
44-->[com.google.firebase:firebase-iid:12.0.1] AndroidManifest.xml:32:5-79
44-->[com.google.firebase:firebase-iid:12.0.1] AndroidManifest.xml:32:22-76
45
46    <permission
46-->[androidx.core:core:1.9.0] AndroidManifest.xml:22:5-24:47
47        android:name="com.team.eleven.DYNAMIC_RECEIVER_NOT_EXPORTED_PERMISSION"
47-->[androidx.core:core:1.9.0] AndroidManifest.xml:23:9-81
48        android:protectionLevel="signature" />
48-->[androidx.core:core:1.9.0] AndroidManifest.xml:24:9-44
49
50    <uses-permission android:name="com.team.eleven.DYNAMIC_RECEIVER_NOT_EXPORTED_PERMISSION" />
50-->[androidx.core:core:1.9.0] AndroidManifest.xml:26:5-97
50-->[androidx.core:core:1.9.0] AndroidManifest.xml:26:22-94
51
52    <application
52-->src\main\AndroidManifest.xml:25:5-216:19
53        android:name="com.team.eleven.application.BaseApplication"
53-->src\main\AndroidManifest.xml:26:9-52
54        android:allowBackup="false"
54-->src\main\AndroidManifest.xml:27:9-36
55        android:appComponentFactory="androidx.core.app.CoreComponentFactory"
55-->[androidx.core:core:1.9.0] AndroidManifest.xml:28:18-86
56        android:debuggable="true"
56-->src\main\AndroidManifest.xml:28:9-34
57        android:icon="@mipmap/ic_launcher"
57-->src\main\AndroidManifest.xml:29:9-43
58        android:label="@string/app_name"
58-->src\main\AndroidManifest.xml:30:9-41
59        android:largeHeap="true"
59-->src\main\AndroidManifest.xml:31:9-33
60        android:roundIcon="@mipmap/ic_launcher"
60-->src\main\AndroidManifest.xml:32:9-48
61        android:supportsRtl="true"
61-->src\main\AndroidManifest.xml:33:9-35
62        android:theme="@style/AppTheme"
62-->src\main\AndroidManifest.xml:34:9-40
63        android:usesCleartextTraffic="true"
63-->src\main\AndroidManifest.xml:35:9-44
64        android:windowSoftInputMode="adjustPan" >
64-->[com.payumoney.core:payumoney-sdk:7.4.4] AndroidManifest.xml:27:9-48
65        <uses-library
65-->src\main\AndroidManifest.xml:39:9-41:40
66            android:name="org.apache.http.legacy"
66-->src\main\AndroidManifest.xml:40:13-50
67            android:required="false" />
67-->src\main\AndroidManifest.xml:41:13-37
68
69        <provider
70            android:name="androidx.core.content.FileProvider"
70-->src\main\AndroidManifest.xml:44:13-62
71            android:authorities="com.team.eleven.provider"
71-->src\main\AndroidManifest.xml:45:13-60
72            android:exported="false"
72-->src\main\AndroidManifest.xml:46:13-37
73            android:grantUriPermissions="true" >
73-->src\main\AndroidManifest.xml:47:13-47
74            <meta-data
74-->src\main\AndroidManifest.xml:48:13-50:58
75                android:name="android.support.FILE_PROVIDER_PATHS"
75-->src\main\AndroidManifest.xml:49:17-67
76                android:resource="@xml/provider_paths" />
76-->src\main\AndroidManifest.xml:50:17-55
77        </provider>
78
79        <activity
79-->src\main\AndroidManifest.xml:53:9-62:20
80            android:name="com.team.eleven.activity.SplashScreen"
80-->src\main\AndroidManifest.xml:54:13-50
81            android:exported="true"
81-->src\main\AndroidManifest.xml:55:13-36
82            android:screenOrientation="portrait" >
82-->src\main\AndroidManifest.xml:56:13-49
83            <intent-filter>
83-->src\main\AndroidManifest.xml:57:13-61:29
84                <action android:name="android.intent.action.MAIN" />
84-->src\main\AndroidManifest.xml:58:17-69
84-->src\main\AndroidManifest.xml:58:25-66
85
86                <category android:name="android.intent.category.LAUNCHER" />
86-->src\main\AndroidManifest.xml:60:17-77
86-->src\main\AndroidManifest.xml:60:27-74
87            </intent-filter>
88        </activity>
89        <activity
89-->src\main\AndroidManifest.xml:63:9-65:52
90            android:name="com.team.eleven.activity.MainActivity"
90-->src\main\AndroidManifest.xml:64:13-50
91            android:screenOrientation="portrait" />
91-->src\main\AndroidManifest.xml:65:13-49
92        <activity
92-->src\main\AndroidManifest.xml:66:9-68:52
93            android:name="com.team.eleven.activity.RegistrationActivity"
93-->src\main\AndroidManifest.xml:67:13-58
94            android:screenOrientation="portrait" />
94-->src\main\AndroidManifest.xml:68:13-49
95        <activity
95-->src\main\AndroidManifest.xml:69:9-71:52
96            android:name="com.team.eleven.activity.HomeActivity"
96-->src\main\AndroidManifest.xml:70:13-50
97            android:screenOrientation="portrait" />
97-->src\main\AndroidManifest.xml:71:13-49
98        <activity
98-->src\main\AndroidManifest.xml:72:9-74:52
99            android:name="com.team.eleven.activity.LoginActivity"
99-->src\main\AndroidManifest.xml:73:13-51
100            android:screenOrientation="portrait" />
100-->src\main\AndroidManifest.xml:74:13-49
101        <activity
101-->src\main\AndroidManifest.xml:75:9-77:52
102            android:name="com.team.eleven.activity.VerifyOTPActivity"
102-->src\main\AndroidManifest.xml:76:13-55
103            android:screenOrientation="portrait" />
103-->src\main\AndroidManifest.xml:77:13-49
104
105        <receiver
105-->src\main\AndroidManifest.xml:79:9-85:20
106            android:name="com.team.eleven.utils.IncomingSms"
106-->src\main\AndroidManifest.xml:80:13-46
107            android:exported="true" >
107-->src\main\AndroidManifest.xml:81:13-36
108            <intent-filter>
108-->src\main\AndroidManifest.xml:82:13-84:29
109                <action android:name="android.provider.Telephony.SMS_RECEIVED" />
109-->src\main\AndroidManifest.xml:83:17-82
109-->src\main\AndroidManifest.xml:83:25-79
110            </intent-filter>
111        </receiver>
112
113        <meta-data
113-->src\main\AndroidManifest.xml:87:9-89:55
114            android:name="com.facebook.sdk.ApplicationId"
114-->src\main\AndroidManifest.xml:88:13-58
115            android:value="@string/facebook_app_id" />
115-->src\main\AndroidManifest.xml:89:13-52
116
117        <activity
117-->src\main\AndroidManifest.xml:91:9-94:48
118            android:name="com.facebook.FacebookActivity"
118-->src\main\AndroidManifest.xml:92:13-57
119            android:configChanges="keyboard|keyboardHidden|screenLayout|screenSize|orientation"
119-->src\main\AndroidManifest.xml:93:13-96
120            android:label="@string/app_name"
120-->src\main\AndroidManifest.xml:94:13-45
121            android:theme="@style/com_facebook_activity_theme" />
121-->[com.facebook.android:facebook-common:4.37.0] AndroidManifest.xml:32:13-63
122        <activity
122-->src\main\AndroidManifest.xml:95:9-106:20
123            android:name="com.facebook.CustomTabActivity"
123-->src\main\AndroidManifest.xml:96:13-58
124            android:exported="true" >
124-->src\main\AndroidManifest.xml:97:13-36
125            <intent-filter>
125-->src\main\AndroidManifest.xml:98:13-105:29
126                <action android:name="android.intent.action.VIEW" />
126-->src\main\AndroidManifest.xml:99:17-69
126-->src\main\AndroidManifest.xml:99:25-66
127
128                <category android:name="android.intent.category.DEFAULT" />
128-->src\main\AndroidManifest.xml:101:17-76
128-->src\main\AndroidManifest.xml:101:27-73
129                <category android:name="android.intent.category.BROWSABLE" />
129-->src\main\AndroidManifest.xml:102:17-78
129-->src\main\AndroidManifest.xml:102:27-75
130
131                <data android:scheme="@string/fb_login_protocol_scheme" />
131-->src\main\AndroidManifest.xml:104:17-75
131-->src\main\AndroidManifest.xml:104:23-72
132            </intent-filter>
133        </activity>
134        <activity
134-->src\main\AndroidManifest.xml:107:9-109:52
135            android:name="com.team.eleven.activity.ForgotVerifyOTPActivity"
135-->src\main\AndroidManifest.xml:108:13-61
136            android:screenOrientation="portrait" />
136-->src\main\AndroidManifest.xml:109:13-49
137        <activity
137-->src\main\AndroidManifest.xml:110:9-112:52
138            android:name="com.team.eleven.activity.NewPasswordActivity"
138-->src\main\AndroidManifest.xml:111:13-57
139            android:screenOrientation="portrait" />
139-->src\main\AndroidManifest.xml:112:13-49
140        <activity
140-->src\main\AndroidManifest.xml:113:9-115:52
141            android:name="com.team.eleven.activity.ContestListActivity"
141-->src\main\AndroidManifest.xml:114:13-57
142            android:screenOrientation="portrait" />
142-->src\main\AndroidManifest.xml:115:13-49
143        <activity
143-->src\main\AndroidManifest.xml:116:9-118:52
144            android:name="com.team.eleven.activity.CreateTeamActivity"
144-->src\main\AndroidManifest.xml:117:13-56
145            android:screenOrientation="portrait" />
145-->src\main\AndroidManifest.xml:118:13-49
146        <activity
146-->src\main\AndroidManifest.xml:119:9-121:52
147            android:name="com.team.eleven.activity.ChooseCandVCActivity"
147-->src\main\AndroidManifest.xml:120:13-58
148            android:screenOrientation="portrait" />
148-->src\main\AndroidManifest.xml:121:13-49
149        <activity
149-->src\main\AndroidManifest.xml:122:9-124:52
150            android:name="com.team.eleven.activity.MyTeamListActivity"
150-->src\main\AndroidManifest.xml:123:13-56
151            android:screenOrientation="portrait" />
151-->src\main\AndroidManifest.xml:124:13-49
152        <activity
152-->src\main\AndroidManifest.xml:125:9-127:52
153            android:name="com.team.eleven.activity.JoinContestActivity"
153-->src\main\AndroidManifest.xml:126:13-57
154            android:screenOrientation="portrait" />
154-->src\main\AndroidManifest.xml:127:13-49
155        <activity
155-->src\main\AndroidManifest.xml:128:9-130:52
156            android:name="com.team.eleven.activity.MyJoinedFixtureContestListActivity"
156-->src\main\AndroidManifest.xml:129:13-72
157            android:screenOrientation="portrait" />
157-->src\main\AndroidManifest.xml:130:13-49
158        <activity
158-->src\main\AndroidManifest.xml:131:9-133:52
159            android:name="com.team.eleven.activity.MyFixtureContestDetailsActivity"
159-->src\main\AndroidManifest.xml:132:13-69
160            android:screenOrientation="portrait" />
160-->src\main\AndroidManifest.xml:133:13-49
161        <activity
161-->src\main\AndroidManifest.xml:134:9-136:52
162            android:name="com.team.eleven.activity.MyJoinedLiveContestListActivity"
162-->src\main\AndroidManifest.xml:135:13-69
163            android:screenOrientation="portrait" />
163-->src\main\AndroidManifest.xml:136:13-49
164        <activity
164-->src\main\AndroidManifest.xml:137:9-139:52
165            android:name="com.team.eleven.activity.MyJoinedResultContestListActivity"
165-->src\main\AndroidManifest.xml:138:13-71
166            android:screenOrientation="portrait" />
166-->src\main\AndroidManifest.xml:139:13-49
167        <activity android:name="com.team.eleven.activity.MyResultContestDetailsActivity" />
167-->src\main\AndroidManifest.xml:140:9-77
167-->src\main\AndroidManifest.xml:140:19-74
168        <activity android:name="com.team.eleven.activity.MyLiveContestDetailsActivity" />
168-->src\main\AndroidManifest.xml:141:9-75
168-->src\main\AndroidManifest.xml:141:19-72
169        <activity android:name="com.team.eleven.activity.PaymentOptionActivity" />
169-->src\main\AndroidManifest.xml:142:9-68
169-->src\main\AndroidManifest.xml:142:19-65
170        <activity android:name="com.team.eleven.activity.MyAccountActivity" />
170-->src\main\AndroidManifest.xml:143:9-64
170-->src\main\AndroidManifest.xml:143:19-61
171        <activity android:name="com.team.eleven.activity.PaytmActivity" />
171-->src\main\AndroidManifest.xml:144:9-60
171-->src\main\AndroidManifest.xml:144:19-57
172        <activity
172-->src\main\AndroidManifest.xml:145:9-148:52
173            android:name="com.paytm.pgsdk.PaytmPGActivity"
173-->src\main\AndroidManifest.xml:146:13-59
174            android:configChanges="keyboardHidden|orientation|keyboard"
174-->src\main\AndroidManifest.xml:147:13-72
175            android:screenOrientation="portrait" />
175-->src\main\AndroidManifest.xml:148:13-49
176        <activity
176-->src\main\AndroidManifest.xml:149:9-151:52
177            android:name="com.team.eleven.activity.EditProfileActivity"
177-->src\main\AndroidManifest.xml:150:13-57
178            android:screenOrientation="portrait" />
178-->src\main\AndroidManifest.xml:151:13-49
179        <activity
179-->src\main\AndroidManifest.xml:152:9-154:52
180            android:name="com.team.eleven.activity.AddCashActivity"
180-->src\main\AndroidManifest.xml:153:13-53
181            android:screenOrientation="portrait" />
181-->src\main\AndroidManifest.xml:154:13-49
182        <activity
182-->src\main\AndroidManifest.xml:155:9-157:52
183            android:name="com.team.eleven.activity.MyTransactionActivity"
183-->src\main\AndroidManifest.xml:156:13-59
184            android:screenOrientation="portrait" />
184-->src\main\AndroidManifest.xml:157:13-49
185        <activity
185-->src\main\AndroidManifest.xml:158:9-160:52
186            android:name="com.team.eleven.activity.NotificationActivity"
186-->src\main\AndroidManifest.xml:159:13-58
187            android:screenOrientation="portrait" />
187-->src\main\AndroidManifest.xml:160:13-49
188        <activity
188-->src\main\AndroidManifest.xml:161:9-163:52
189            android:name="com.team.eleven.activity.InviteFriendsActivity"
189-->src\main\AndroidManifest.xml:162:13-59
190            android:screenOrientation="portrait" />
190-->src\main\AndroidManifest.xml:163:13-49
191        <activity android:name="com.team.eleven.activity.InvitedFriendListActivity" />
191-->src\main\AndroidManifest.xml:164:9-72
191-->src\main\AndroidManifest.xml:164:19-69
192        <activity
192-->src\main\AndroidManifest.xml:165:9-167:52
193            android:name="com.team.eleven.activity.PaymentConfirmationActivity"
193-->src\main\AndroidManifest.xml:166:13-65
194            android:screenOrientation="portrait" />
194-->src\main\AndroidManifest.xml:167:13-49
195        <activity android:name="com.team.eleven.activity.WebviewAcitivity" />
195-->src\main\AndroidManifest.xml:168:9-63
195-->src\main\AndroidManifest.xml:168:19-60
196        <activity android:name="com.team.eleven.activity.WithdrawAmountActivity" />
196-->src\main\AndroidManifest.xml:169:9-69
196-->src\main\AndroidManifest.xml:169:19-66
197        <activity android:name="com.team.eleven.activity.PayUMoneyPaymentActivity" />
197-->src\main\AndroidManifest.xml:170:9-71
197-->src\main\AndroidManifest.xml:170:19-68
198        <activity
198-->src\main\AndroidManifest.xml:171:9-173:52
199            android:name="com.team.eleven.activity.GlobalRankActivity"
199-->src\main\AndroidManifest.xml:172:13-56
200            android:screenOrientation="portrait" />
200-->src\main\AndroidManifest.xml:173:13-49
201        <activity
201-->src\main\AndroidManifest.xml:174:9-176:39
202            android:name="com.payu.custombrowser.PreLollipopPaymentsActivity"
202-->src\main\AndroidManifest.xml:175:13-78
203            android:exported="true" >
203-->src\main\AndroidManifest.xml:176:13-36
204            <intent-filter>
204-->[com.payu.custombrowser:payu-custom-browser:7.2.1] AndroidManifest.xml:28:13-35:29
205                <data android:scheme="com.team.eleven.success" />
205-->src\main\AndroidManifest.xml:104:17-75
205-->src\main\AndroidManifest.xml:104:23-72
206
207                <action android:name="android.intent.action.VIEW" />
207-->src\main\AndroidManifest.xml:99:17-69
207-->src\main\AndroidManifest.xml:99:25-66
208
209                <category android:name="android.intent.category.DEFAULT" />
209-->src\main\AndroidManifest.xml:101:17-76
209-->src\main\AndroidManifest.xml:101:27-73
210                <category android:name="android.intent.category.BROWSABLE" />
210-->src\main\AndroidManifest.xml:102:17-78
210-->src\main\AndroidManifest.xml:102:27-75
211            </intent-filter>
212            <intent-filter>
212-->[com.payu.custombrowser:payu-custom-browser:7.2.1] AndroidManifest.xml:36:13-43:29
213                <data android:scheme="com.team.eleven.failure" />
213-->src\main\AndroidManifest.xml:104:17-75
213-->src\main\AndroidManifest.xml:104:23-72
214
215                <action android:name="android.intent.action.VIEW" />
215-->src\main\AndroidManifest.xml:99:17-69
215-->src\main\AndroidManifest.xml:99:25-66
216
217                <category android:name="android.intent.category.DEFAULT" />
217-->src\main\AndroidManifest.xml:101:17-76
217-->src\main\AndroidManifest.xml:101:27-73
218                <category android:name="android.intent.category.BROWSABLE" />
218-->src\main\AndroidManifest.xml:102:17-78
218-->src\main\AndroidManifest.xml:102:27-75
219            </intent-filter>
220        </activity>
221
222        <service
222-->src\main\AndroidManifest.xml:178:9-185:19
223            android:name="com.team.eleven.FirebaseMessagingService"
223-->src\main\AndroidManifest.xml:179:13-53
224            android:enabled="true"
224-->src\main\AndroidManifest.xml:180:13-35
225            android:exported="true" >
225-->src\main\AndroidManifest.xml:181:13-36
226            <intent-filter>
226-->src\main\AndroidManifest.xml:182:13-184:29
227                <action android:name="com.google.firebase.MESSAGING_EVENT" />
227-->src\main\AndroidManifest.xml:183:17-78
227-->src\main\AndroidManifest.xml:183:25-75
228            </intent-filter>
229        </service>
230        <service
230-->src\main\AndroidManifest.xml:186:9-193:19
231            android:name="com.team.eleven.FirebaseInstanceIDService"
231-->src\main\AndroidManifest.xml:187:13-54
232            android:enabled="true"
232-->src\main\AndroidManifest.xml:188:13-35
233            android:exported="true" >
233-->src\main\AndroidManifest.xml:189:13-36
234            <intent-filter>
234-->src\main\AndroidManifest.xml:190:13-192:29
235                <action android:name="com.google.firebase.INSTANCE_ID_EVENT" />
235-->src\main\AndroidManifest.xml:191:17-80
235-->src\main\AndroidManifest.xml:191:25-77
236            </intent-filter>
237        </service>
238
239        <activity
239-->src\main\AndroidManifest.xml:195:9-197:52
240            android:name="com.team.eleven.activity.UploadKYCActivity"
240-->src\main\AndroidManifest.xml:196:13-55
241            android:screenOrientation="portrait" />
241-->src\main\AndroidManifest.xml:197:13-49
242        <activity
242-->src\main\AndroidManifest.xml:198:9-200:52
243            android:name="com.team.eleven.activity.CreateContestActivity"
243-->src\main\AndroidManifest.xml:199:13-59
244            android:screenOrientation="portrait" />
244-->src\main\AndroidManifest.xml:200:13-49
245        <activity
245-->src\main\AndroidManifest.xml:201:9-203:52
246            android:name="com.team.eleven.activity.SelectPrizeCreateActivity"
246-->src\main\AndroidManifest.xml:202:13-63
247            android:screenOrientation="portrait" />
247-->src\main\AndroidManifest.xml:203:13-49
248        <activity
248-->src\main\AndroidManifest.xml:204:9-206:52
249            android:name="com.team.eleven.activity.EnterInviteCodeContestActivity"
249-->src\main\AndroidManifest.xml:205:13-68
250            android:screenOrientation="portrait" />
250-->src\main\AndroidManifest.xml:206:13-49
251        <activity
251-->src\main\AndroidManifest.xml:207:9-209:52
252            android:name="com.team.eleven.activity.InviteInContestActivity"
252-->src\main\AndroidManifest.xml:208:13-61
253            android:screenOrientation="portrait" />
253-->src\main\AndroidManifest.xml:209:13-49
254        <activity
254-->src\main\AndroidManifest.xml:210:9-212:52
255            android:name="com.team.eleven.activity.TrakNPayActivity"
255-->src\main\AndroidManifest.xml:211:13-54
256            android:screenOrientation="portrait" />
256-->src\main\AndroidManifest.xml:212:13-49
257        <activity
257-->src\main\AndroidManifest.xml:213:9-215:52
258            android:name="com.team.eleven.activity.CashfreeActivity"
258-->src\main\AndroidManifest.xml:214:13-54
259            android:screenOrientation="portrait" />
259-->src\main\AndroidManifest.xml:215:13-49
260        <activity
260-->[com.payumoney.sdkui:plug-n-play:1.4.5] AndroidManifest.xml:19:9-24:55
261            android:name="com.payumoney.sdkui.ui.activities.PayUmoneyActivity"
261-->[com.payumoney.sdkui:plug-n-play:1.4.5] AndroidManifest.xml:20:13-79
262            android:label="@string/title_activity_citrus"
262-->[com.payumoney.sdkui:plug-n-play:1.4.5] AndroidManifest.xml:21:13-58
263            android:screenOrientation="portrait"
263-->[com.payumoney.sdkui:plug-n-play:1.4.5] AndroidManifest.xml:22:13-49
264            android:theme="@style/PayumoneyAppTheme"
264-->[com.payumoney.sdkui:plug-n-play:1.4.5] AndroidManifest.xml:23:13-53
265            android:windowSoftInputMode="adjustPan" />
265-->[com.payumoney.sdkui:plug-n-play:1.4.5] AndroidManifest.xml:24:13-52
266        <activity
266-->[com.payumoney.sdkui:plug-n-play:1.4.5] AndroidManifest.xml:25:9-28:56
267            android:name="com.payumoney.sdkui.ui.activities.ReviewOrderActivity"
267-->[com.payumoney.sdkui:plug-n-play:1.4.5] AndroidManifest.xml:26:13-81
268            android:screenOrientation="portrait"
268-->[com.payumoney.sdkui:plug-n-play:1.4.5] AndroidManifest.xml:27:13-49
269            android:theme="@style/PayumoneyAppTheme" />
269-->[com.payumoney.sdkui:plug-n-play:1.4.5] AndroidManifest.xml:28:13-53
270        <activity
270-->[com.payumoney.core:payumoney-sdk:7.4.4] AndroidManifest.xml:28:9-31:72
271            android:name="com.payumoney.core.SdkWebViewActivityNew"
271-->[com.payumoney.core:payumoney-sdk:7.4.4] AndroidManifest.xml:29:13-68
272            android:screenOrientation="portrait"
272-->[com.payumoney.core:payumoney-sdk:7.4.4] AndroidManifest.xml:30:13-49
273            android:theme="@style/Theme.AppCompat.Light.NoActionBar" />
273-->[com.payumoney.core:payumoney-sdk:7.4.4] AndroidManifest.xml:31:13-69
274        <activity
274-->[com.payumoney.core:payumoney-sdk:7.4.4] AndroidManifest.xml:32:9-37:59
275            android:name="com.payu.custombrowser.CBActivity"
275-->[com.payumoney.core:payumoney-sdk:7.4.4] AndroidManifest.xml:33:13-61
276            android:screenOrientation="portrait"
276-->[com.payumoney.core:payumoney-sdk:7.4.4] AndroidManifest.xml:34:13-49
277            android:theme="@style/Theme.AppCompat"
277-->[com.payumoney.core:payumoney-sdk:7.4.4] AndroidManifest.xml:35:13-51
278            android:windowSoftInputMode="stateAlwaysHidden" />
278-->[com.payumoney.core:payumoney-sdk:7.4.4] AndroidManifest.xml:36:13-60
279        <activity android:name="com.facebook.CustomTabMainActivity" />
279-->[com.facebook.android:facebook-common:4.37.0] AndroidManifest.xml:33:9-71
279-->[com.facebook.android:facebook-common:4.37.0] AndroidManifest.xml:33:19-68
280
281        <receiver android:name="com.google.android.gms.cast.framework.media.MediaIntentReceiver" />
281-->[com.google.android.gms:play-services-cast-framework:12.0.1] AndroidManifest.xml:8:9-100
281-->[com.google.android.gms:play-services-cast-framework:12.0.1] AndroidManifest.xml:8:19-97
282
283        <service android:name="com.google.android.gms.cast.framework.media.MediaNotificationService" />
283-->[com.google.android.gms:play-services-cast-framework:12.0.1] AndroidManifest.xml:10:9-104
283-->[com.google.android.gms:play-services-cast-framework:12.0.1] AndroidManifest.xml:10:18-101
284        <service android:name="com.google.android.gms.cast.framework.ReconnectionService" />
284-->[com.google.android.gms:play-services-cast-framework:12.0.1] AndroidManifest.xml:11:9-93
284-->[com.google.android.gms:play-services-cast-framework:12.0.1] AndroidManifest.xml:11:18-90
285        <service android:name="com.payu.custombrowser.services.SnoozeService" />
285-->[com.payu.custombrowser:payu-custom-browser:7.2.1] AndroidManifest.xml:22:9-81
285-->[com.payu.custombrowser:payu-custom-browser:7.2.1] AndroidManifest.xml:22:18-78
286
287        <activity
287-->[com.payu.custombrowser:payu-custom-browser:7.2.1] AndroidManifest.xml:24:9-26:56
288            android:name="com.payu.custombrowser.upiintent.PaymentResponseActivity"
288-->[com.payu.custombrowser:payu-custom-browser:7.2.1] AndroidManifest.xml:25:13-84
289            android:theme="@style/Theme.Transparent" />
289-->[com.payu.custombrowser:payu-custom-browser:7.2.1] AndroidManifest.xml:26:13-53
290        <activity android:name="com.payu.custombrowser.PrePaymentsActivity" />
290-->[com.payu.custombrowser:payu-custom-browser:7.2.1] AndroidManifest.xml:45:9-79
290-->[com.payu.custombrowser:payu-custom-browser:7.2.1] AndroidManifest.xml:45:19-76
291        <activity android:name="com.payu.magicretry.MainActivity" >
291-->[com.payu.magicretry:magicretry:1.0.6] AndroidManifest.xml:12:9-21:20
291-->[com.payu.magicretry:magicretry:1.0.6] AndroidManifest.xml:12:19-66
292
293            <!--
294            intent-filter>
295                <action android:name="android.intent.action.MAIN" />
296
297                <category android:name="android.intent.category.LAUNCHER" />
298            </intent-filter
299            -->
300        </activity>
301        <activity
301-->[com.google.android.gms:play-services-auth:12.0.1] AndroidManifest.xml:23:9-27:75
302            android:name="com.google.android.gms.auth.api.signin.internal.SignInHubActivity"
302-->[com.google.android.gms:play-services-auth:12.0.1] AndroidManifest.xml:24:13-93
303            android:excludeFromRecents="true"